# JRE version: OpenJDK Runtime Environment (8.0_191-b12) (build 1.8.0_191-8u191-b12-2ubuntu0.18.04.1-b12)
# Java VM: OpenJDK 64-Bit Server VM (25.191-b12 mixed mode linux-amd64 compressed oops)
Heap:
 PSYoungGen      total 1177088K, used 0K [0x000000076d000000, 0x00000007c0000000, 0x00000007c0000000)
  eden space 1011712K, 0% used [0x000000076d000000,0x000000076d000000,0x00000007aac00000)
  from space 165376K, 0% used [0x00000007b5180000,0x00000007b5180000,0x00000007bf300000)
  to   space 169472K, 0% used [0x00000007aac00000,0x00000007aac00000,0x00000007b5180000)
 ParOldGen       total 497664K, used 624K [0x00000006c7000000, 0x00000006e5600000, 0x000000076d000000)
  object space 497664K, 0% used [0x00000006c7000000,0x00000006c709c218,0x00000006e5600000)
 Metaspace       used 3473K, capacity 4664K, committed 4864K, reserved 1056768K
  class space    used 382K, capacity 424K, committed 512K, reserved 1048576K
GC Heap History (10 events):
Event: 40,264 GC heap before
{Heap before GC invocations=21 (full 4):
 PSYoungGen      total 1129472K, used 104384K [0x000000076d000000, 0x00000007c0000000, 0x00000007c0000000)
  eden space 1025024K, 0% used [0x000000076d000000,0x000000076d000000,0x00000007ab900000)
  from space 104448K, 99% used [0x00000007ab900000,0x00000007b1ef0000,0x00000007b1f00000)
  to   space 170496K, 0% used [0x00000007b5980000,0x00000007b5980000,0x00000007c0000000)
 ParOldGen       total 999936K, used 660816K [0x00000006c7000000, 0x0000000704080000, 0x000000076d000000)
  object space 999936K, 66% used [0x00000006c7000000,0x00000006ef554340,0x0000000704080000)
 Metaspace       used 3449K, capacity 4664K, committed 4864K, reserved 1056768K
  class space    used 381K, capacity 424K, committed 512K, reserved 1048576K
Event: 42,232 GC heap after
Heap after GC invocations=21 (full 4):
 PSYoungGen      total 1129472K, used 0K [0x000000076d000000, 0x00000007c0000000, 0x00000007c0000000)
  eden space 1025024K, 0% used [0x000000076d000000,0x000000076d000000,0x00000007ab900000)
  from space 104448K, 0% used [0x00000007ab900000,0x00000007ab900000,0x00000007b1f00000)
  to   space 170496K, 0% used [0x00000007b5980000,0x00000007b5980000,0x00000007c0000000)
 ParOldGen       total 1286656K, used 764092K [0x00000006c7000000, 0x0000000715880000, 0x000000076d000000)
  object space 1286656K, 59% used [0x00000006c7000000,0x00000006f5a2f018,0x0000000715880000)
 Metaspace       used 3449K, capacity 4664K, committed 4864K, reserved 1056768K
  class space    used 381K, capacity 424K, committed 512K, reserved 1048576K
}
Event: 43,039 GC heap before
{Heap before GC invocations=22 (full 4):
 PSYoungGen      total 1129472K, used 1025024K [0x000000076d000000, 0x00000007c0000000, 0x00000007c0000000)
  eden space 1025024K, 100% used [0x000000076d000000,0x00000007ab900000,0x00000007ab900000)
  from space 104448K, 0% used [0x00000007ab900000,0x00000007ab900000,0x00000007b1f00000)
  to   space 170496K, 0% used [0x00000007b5980000,0x00000007b5980000,0x00000007c0000000)
 ParOldGen       total 1286656K, used 764092K [0x00000006c7000000, 0x0000000715880000, 0x000000076d000000)
  object space 1286656K, 59% used [0x00000006c7000000,0x00000006f5a2f018,0x0000000715880000)
 Metaspace       used 3449K, capacity 4664K, committed 4864K, reserved 1056768K
  class space    used 381K, capacity 424K, committed 512K, reserved 1048576K
Event: 43,422 GC heap after
Heap after GC invocations=22 (full 4):
 PSYoungGen      total 1183232K, used 107040K [0x000000076d000000, 0x00000007c0000000, 0x00000007c0000000)
  eden space 1012736K, 0% used [0x000000076d000000,0x000000076d000000,0x00000007aad00000)
  from space 170496K, 62% used [0x00000007b5980000,0x00000007bc208000,0x00000007c0000000)
  to   space 173568K, 0% used [0x00000007aad00000,0x00000007aad00000,0x00000007b5680000)
 ParOldGen       total 1286656K, used 764092K [0x00000006c7000000, 0x0000000715880000, 0x000000076d000000)
  object space 1286656K, 59% used [0x00000006c7000000,0x00000006f5a2f018,0x0000000715880000)
 Metaspace       used 3449K, capacity 4664K, committed 4864K, reserved 1056768K
  class space    used 381K, capacity 424K, committed 512K, reserved 1048576K
}
Event: 217,852 GC heap before
{Heap before GC invocations=23 (full 4):
 PSYoungGen      total 1183232K, used 178791K [0x000000076d000000, 0x00000007c0000000, 0x00000007c0000000)
  eden space 1012736K, 7% used [0x000000076d000000,0x0000000771611f28,0x00000007aad00000)
  from space 170496K, 62% used [0x00000007b5980000,0x00000007bc208000,0x00000007c0000000)
  to   space 173568K, 0% used [0x00000007aad00000,0x00000007aad00000,0x00000007b5680000)
 ParOldGen       total 2719744K, used 764092K [0x00000006c7000000, 0x000000076d000000, 0x000000076d000000)
  object space 2719744K, 28% used [0x00000006c7000000,0x00000006f5a2f018,0x000000076d000000)
 Metaspace       used 3473K, capacity 4664K, committed 4864K, reserved 1056768K
  class space    used 382K, capacity 424K, committed 512K, reserved 1048576K
Event: 217,976 GC heap after
Heap after GC invocations=23 (full 4):
 PSYoungGen      total 1079296K, used 66069K [0x000000076d000000, 0x00000007bf300000, 0x00000007c0000000)
  eden space 1012736K, 0% used [0x000000076d000000,0x000000076d000000,0x00000007aad00000)
  from space 66560K, 99% used [0x00000007aad00000,0x00000007aed85620,0x00000007aee00000)
  to   space 165376K, 0% used [0x00000007b5180000,0x00000007b5180000,0x00000007bf300000)
 ParOldGen       total 2719744K, used 871332K [0x00000006c7000000, 0x000000076d000000, 0x000000076d000000)
  object space 2719744K, 32% used [0x00000006c7000000,0x00000006fc2e9018,0x000000076d000000)
 Metaspace       used 3473K, capacity 4664K, committed 4864K, reserved 1056768K
  class space    used 382K, capacity 424K, committed 512K, reserved 1048576K
}
Event: 217,976 GC heap before
{Heap before GC invocations=24 (full 4):
 PSYoungGen      total 1079296K, used 66069K [0x000000076d000000, 0x00000007bf300000, 0x00000007c0000000)
  eden space 1012736K, 0% used [0x000000076d000000,0x000000076d000000,0x00000007aad00000)
  from space 66560K, 99% used [0x00000007aad00000,0x00000007aed85620,0x00000007aee00000)
  to   space 165376K, 0% used [0x00000007b5180000,0x00000007b5180000,0x00000007bf300000)
 ParOldGen       total 2719744K, used 871332K [0x00000006c7000000, 0x000000076d000000, 0x000000076d000000)
  object space 2719744K, 32% used [0x00000006c7000000,0x00000006fc2e9018,0x000000076d000000)
 Metaspace       used 3473K, capacity 4664K, committed 4864K, reserved 1056768K
  class space    used 382K, capacity 424K, committed 512K, reserved 1048576K
Event: 218,048 GC heap after
Heap after GC invocations=24 (full 4):
 PSYoungGen      total 1177088K, used 0K [0x000000076d000000, 0x00000007c0000000, 0x00000007c0000000)
  eden space 1011712K, 0% used [0x000000076d000000,0x000000076d000000,0x00000007aac00000)
  from space 165376K, 0% used [0x00000007b5180000,0x00000007b5180000,0x00000007bf300000)
  to   space 169472K, 0% used [0x00000007aac00000,0x00000007aac00000,0x00000007b5180000)
 ParOldGen       total 2719744K, used 937305K [0x00000006c7000000, 0x000000076d000000, 0x000000076d000000)
  object space 2719744K, 34% used [0x00000006c7000000,0x0000000700356638,0x000000076d000000)
 Metaspace       used 3473K, capacity 4664K, committed 4864K, reserved 1056768K
  class space    used 382K, capacity 424K, committed 512K, reserved 1048576K
}
Event: 218,048 GC heap before
{Heap before GC invocations=25 (full 5):
 PSYoungGen      total 1177088K, used 0K [0x000000076d000000, 0x00000007c0000000, 0x00000007c0000000)
  eden space 1011712K, 0% used [0x000000076d000000,0x000000076d000000,0x00000007aac00000)
  from space 165376K, 0% used [0x00000007b5180000,0x00000007b5180000,0x00000007bf300000)
  to   space 169472K, 0% used [0x00000007aac00000,0x00000007aac00000,0x00000007b5180000)
 ParOldGen       total 2719744K, used 937305K [0x00000006c7000000, 0x000000076d000000, 0x000000076d000000)
  object space 2719744K, 34% used [0x00000006c7000000,0x0000000700356638,0x000000076d000000)
 Metaspace       used 3473K, capacity 4664K, committed 4864K, reserved 1056768K
  class space    used 382K, capacity 424K, committed 512K, reserved 1048576K
Event: 218,068 GC heap after
Heap after GC invocations=25 (full 5):
 PSYoungGen      total 1177088K, used 0K [0x000000076d000000, 0x00000007c0000000, 0x00000007c0000000)
  eden space 1011712K, 0% used [0x000000076d000000,0x000000076d000000,0x00000007aac00000)
  from space 165376K, 0% used [0x00000007b5180000,0x00000007b5180000,0x00000007bf300000)
  to   space 169472K, 0% used [0x00000007aac00000,0x00000007aac00000,0x00000007b5180000)
 ParOldGen       total 497664K, used 624K [0x00000006c7000000, 0x00000006e5600000, 0x000000076d000000)
  object space 497664K, 0% used [0x00000006c7000000,0x00000006c709c218,0x00000006e5600000)
 Metaspace       used 3473K, capacity 4664K, committed 4864K, reserved 1056768K
  class space    used 382K, capacity 424K, committed 512K, reserved 1048576K
}

